2017-09-30 00:43:19,232 ERROR c.s.a.DoNothing [http-nio-8080-exec-18] Did it again!
2017-09-30 00:43:19,236 FATAL c.s.a.DoNothing [http-nio-8080-exec-18] 我是fatal信息
17:15:55.480 [http-nio-8080-exec-7] ERROR com.ssm.action.DoNothing - Did it again!
17:15:55.486 [http-nio-8080-exec-7] FATAL com.ssm.action.DoNothing - 我是fatal信息
[ù7-49-30 17:49:41.854] [http-nio-8080-exec-2] ERROR com.ssm.action.DoNothing - Did it again!
[ù7-49-30 17:49:41.861] [http-nio-8080-exec-2] FATAL com.ssm.action.DoNothing - 我是fatal信息
[2017-16-30 19:16:32.575] [http-nio-8080-exec-15] ERROR com.ssm.action.DoNothing - Did it again!
[2017-16-30 19:16:32.587] [http-nio-8080-exec-15] FATAL com.ssm.action.DoNothing - 我是fatal信息
[2017-18-30 21:18:32.271] ERROR com.ssm.action.DoNothing 31 doNothing - Did it again!
[2017-18-30 21:18:32.278] FATAL com.ssm.action.DoNothing 35 doNothing - 我是fatal信息
[2017-19-30 21:19:27.760] ERROR Class:com.ssm.action.DoNothing 31 method:doNothing - Did it again!
[2017-19-30 21:19:27.767] FATAL Class:com.ssm.action.DoNothing 35 method:doNothing - 我是fatal信息
[2017-37-30 21:37:47.737] ERROR com.ssm.action.DoNothing 31 doNothing - Did it again!
[2017-37-30 21:37:47.743] FATAL com.ssm.action.DoNothing 35 doNothing - 我是fatal信息
[2017-33-30 22:33:14.186] ERROR com.ssm.action.DoNothing 31 doNothing - Did it again!
[2017-33-30 22:33:14.186] FATAL com.ssm.action.DoNothing 35 doNothing - 我是fatal信息
[2017-25-30 23:25:36.944] ERROR com.ssm.action.DoNothing 31 doNothing - Did it again!
[2017-25-30 23:25:36.952] FATAL com.ssm.action.DoNothing 35 doNothing - 我是fatal信息
[2017-26-30 23:26:16.222] ERROR com.ssm.action.DoNothing 31 doNothing - Did it again!
[2017-26-30 23:26:16.222] FATAL com.ssm.action.DoNothing 35 doNothing - 我是fatal信息
[2017-30-30 23:30:53.600] ERROR com.ssm.action.DoNothing 31 doNothing - Did it again!
[2017-30-30 23:30:53.608] FATAL com.ssm.action.DoNothing 35 doNothing - 我是fatal信息
